17:40:47.578 [main] INFO  testCases.TC_001_AccountRegistrationTest - *** Start TC_001_AccountRegistrationTest *** 
17:40:55.463 [main] INFO  testCases.TC_001_AccountRegistrationTest - clicked on register link
17:40:55.604 [main] INFO  testCases.TC_001_AccountRegistrationTest - send customer data
17:41:22.713 [main] INFO  testCases.TC_001_AccountRegistrationTest - clicked on register button
17:41:30.328 [main] INFO  testCases.TC_001_AccountRegistrationTest - validate success message
18:01:39.372 [main] INFO  testCases.TC_001_AccountRegistrationTest - *** Start TC_001_AccountRegistrationTest *** 
18:01:41.643 [main] INFO  testCases.TC_001_AccountRegistrationTest - clicked on register link
18:01:41.733 [main] INFO  testCases.TC_001_AccountRegistrationTest - send customer data
18:01:49.334 [main] INFO  testCases.TC_001_AccountRegistrationTest - clicked on register button
18:01:57.207 [main] INFO  testCases.TC_001_AccountRegistrationTest - validate success message
18:03:49.141 [main] INFO  testCases.TC_001_AccountRegistrationTest - *** Start TC_001_AccountRegistrationTest *** 
18:03:52.301 [main] INFO  testCases.TC_001_AccountRegistrationTest - clicked on register link
18:03:52.492 [main] INFO  testCases.TC_001_AccountRegistrationTest - send customer data
18:04:00.997 [main] INFO  testCases.TC_001_AccountRegistrationTest - clicked on register button
18:04:20.253 [main] INFO  testCases.TC_001_AccountRegistrationTest - validate success message
18:12:43.901 [main] INFO  testCases.TC_001_AccountRegistrationTest - *** Start TC_001_AccountRegistrationTest *** 
18:12:45.817 [main] INFO  testCases.TC_001_AccountRegistrationTest - clicked on register link
18:12:45.915 [main] INFO  testCases.TC_001_AccountRegistrationTest - send customer data
18:12:53.233 [main] INFO  testCases.TC_001_AccountRegistrationTest - clicked on register button
18:13:07.197 [main] INFO  testCases.TC_001_AccountRegistrationTest - validate success message
15:09:11.940 [main] INFO  testCases.TC_001_AccountRegistrationTest - *** Start TC_001_AccountRegistrationTest *** 
15:09:14.860 [main] INFO  testCases.TC_001_AccountRegistrationTest - clicked on register link
15:09:14.932 [main] INFO  testCases.TC_001_AccountRegistrationTest - send customer data
15:09:21.811 [main] INFO  testCases.TC_001_AccountRegistrationTest - clicked on register button
15:09:32.941 [main] INFO  testCases.TC_001_AccountRegistrationTest - validate success message
15:09:33.501 [main] INFO  testCases.TC_001_AccountRegistrationTest - *** End TC_001_AccountRegistrationTest *** 
15:11:01.747 [main] INFO  testCases.TC_001_AccountRegistrationTest - *** Start TC_001_AccountRegistrationTest *** 
15:11:08.051 [main] INFO  testCases.TC_001_AccountRegistrationTest - clicked on register link
15:11:08.203 [main] INFO  testCases.TC_001_AccountRegistrationTest - send customer data
15:11:16.059 [main] INFO  testCases.TC_001_AccountRegistrationTest - clicked on register button
15:11:16.137 [main] INFO  testCases.TC_001_AccountRegistrationTest - validate success message
15:13:10.190 [main] INFO  testCases.TC_001_AccountRegistrationTest - *** Start TC_001_AccountRegistrationTest *** 
15:13:13.409 [main] INFO  testCases.TC_001_AccountRegistrationTest - clicked on register link
15:13:13.434 [main] INFO  testCases.TC_001_AccountRegistrationTest - send customer data
15:13:19.639 [main] INFO  testCases.TC_001_AccountRegistrationTest - clicked on register button
15:13:25.157 [main] INFO  testCases.TC_001_AccountRegistrationTest - validate success message
15:13:27.002 [main] INFO  testCases.TC_001_AccountRegistrationTest - *** End TC_001_AccountRegistrationTest *** 
15:21:57.316 [TestNG-tests-1] INFO  testCases.TC_001_AccountRegistrationTest - *** Start TC_001_AccountRegistrationTest *** 
15:21:58.101 [TestNG-tests-2] INFO  testCases.TC_001_AccountRegistrationTest - *** Start TC_001_AccountRegistrationTest *** 
15:22:04.927 [TestNG-tests-2] INFO  testCases.TC_001_AccountRegistrationTest - clicked on register link
15:22:04.952 [TestNG-tests-2] INFO  testCases.TC_001_AccountRegistrationTest - send customer data
15:22:12.269 [TestNG-tests-2] INFO  testCases.TC_001_AccountRegistrationTest - clicked on register button
15:22:15.036 [TestNG-tests-1] INFO  testCases.TC_001_AccountRegistrationTest - clicked on register link
15:22:15.038 [TestNG-tests-1] INFO  testCases.TC_001_AccountRegistrationTest - send customer data
15:22:21.786 [TestNG-tests-2] INFO  testCases.TC_001_AccountRegistrationTest - validate success message
15:22:21.901 [TestNG-tests-2] INFO  testCases.TC_001_AccountRegistrationTest - *** End TC_001_AccountRegistrationTest *** 
15:22:26.063 [TestNG-tests-1] INFO  testCases.TC_001_AccountRegistrationTest - clicked on register button
15:22:41.157 [TestNG-tests-1] INFO  testCases.TC_001_AccountRegistrationTest - validate success message
15:22:41.527 [TestNG-tests-1] INFO  testCases.TC_001_AccountRegistrationTest - *** End TC_001_AccountRegistrationTest *** 
15:44:21.045 [main] INFO  testCases.TC_001_AccountRegistrationTest - *** Start TC_001_AccountRegistrationTest *** 
15:44:24.596 [main] INFO  testCases.TC_001_AccountRegistrationTest - clicked on register link
15:44:24.628 [main] INFO  testCases.TC_001_AccountRegistrationTest - send customer data
15:44:32.732 [main] INFO  testCases.TC_001_AccountRegistrationTest - clicked on register button
15:44:39.445 [main] INFO  testCases.TC_001_AccountRegistrationTest - validate success message
15:44:40.992 [main] INFO  testCases.TC_001_AccountRegistrationTest - *** End TC_001_AccountRegistrationTest *** 
11:16:08.496 [main] INFO  testCases.TC_001_AccountRegistrationTest - *** Start TC_001_AccountRegistrationTest *** 
11:16:12.652 [main] INFO  testCases.TC_001_AccountRegistrationTest - clicked on register link
11:16:12.760 [main] INFO  testCases.TC_001_AccountRegistrationTest - send customer data
11:16:21.526 [main] INFO  testCases.TC_001_AccountRegistrationTest - clicked on register button
11:16:24.483 [main] INFO  testCases.TC_001_AccountRegistrationTest - validate success message
11:17:09.105 [main] INFO  testCases.TC_001_AccountRegistrationTest - *** Start TC_001_AccountRegistrationTest *** 
11:17:10.115 [main] INFO  testCases.TC_001_AccountRegistrationTest - clicked on register link
11:17:10.121 [main] INFO  testCases.TC_001_AccountRegistrationTest - send customer data
11:17:16.595 [main] INFO  testCases.TC_001_AccountRegistrationTest - clicked on register button
11:17:24.324 [main] INFO  testCases.TC_001_AccountRegistrationTest - validate success message
11:17:24.512 [main] INFO  testCases.TC_001_AccountRegistrationTest - *** End TC_001_AccountRegistrationTest *** 
11:41:56.523 [main] INFO  testCases.TC_001_AccountRegistrationTest - *** Start TC_001_AccountRegistrationTest *** 
11:42:07.067 [main] ERROR testCases.TC_001_AccountRegistrationTest - execution failed
11:43:53.314 [main] INFO  testCases.TC_001_AccountRegistrationTest - *** Start TC_001_AccountRegistrationTest *** 
11:43:54.842 [main] INFO  testCases.TC_001_AccountRegistrationTest - clicked on register link
11:43:54.857 [main] INFO  testCases.TC_001_AccountRegistrationTest - send customer data
11:44:05.493 [main] ERROR testCases.TC_001_AccountRegistrationTest - execution failed
11:50:25.934 [main] INFO  testCases.TC_001_AccountRegistrationTest - *** Start TC_001_AccountRegistrationTest *** 
11:50:28.613 [main] INFO  testCases.TC_001_AccountRegistrationTest - clicked on register link
11:50:28.619 [main] INFO  testCases.TC_001_AccountRegistrationTest - send customer data
11:50:36.754 [main] INFO  testCases.TC_001_AccountRegistrationTest - clicked on register button
11:50:36.835 [main] INFO  testCases.TC_001_AccountRegistrationTest - validate success message
11:51:41.208 [main] INFO  testCases.TC_001_AccountRegistrationTest - *** Start TC_001_AccountRegistrationTest *** 
11:51:43.729 [main] INFO  testCases.TC_001_AccountRegistrationTest - clicked on register link
11:51:43.807 [main] INFO  testCases.TC_001_AccountRegistrationTest - send customer data
11:51:49.901 [main] INFO  testCases.TC_001_AccountRegistrationTest - clicked on register button
11:51:52.589 [main] INFO  testCases.TC_001_AccountRegistrationTest - validate success message
11:52:26.856 [main] INFO  testCases.TC_001_AccountRegistrationTest - *** Start TC_001_AccountRegistrationTest *** 
11:52:27.784 [main] INFO  testCases.TC_001_AccountRegistrationTest - clicked on register link
11:52:27.870 [main] INFO  testCases.TC_001_AccountRegistrationTest - send customer data
11:52:34.057 [main] INFO  testCases.TC_001_AccountRegistrationTest - clicked on register button
11:52:42.227 [main] INFO  testCases.TC_001_AccountRegistrationTest - validate success message
11:52:42.370 [main] INFO  testCases.TC_001_AccountRegistrationTest - *** End TC_001_AccountRegistrationTest *** 
12:13:06.130 [main] INFO  testCases.TC_001_AccountRegistrationTest - *** Start TC_001_AccountRegistrationTest *** 
13:36:50.156 [main] INFO  testCases.TC_001_AccountRegistrationTest - *** Start TC_001_AccountRegistrationTest *** 
13:36:58.064 [main] INFO  testCases.TC_001_AccountRegistrationTest - clicked on register link
13:36:58.092 [main] INFO  testCases.TC_001_AccountRegistrationTest - send customer data
13:37:09.453 [main] INFO  testCases.TC_001_AccountRegistrationTest - clicked on continue button
13:37:12.076 [main] INFO  testCases.TC_001_AccountRegistrationTest - validate success message
14:08:32.014 [main] INFO  testCases.TC_001_AccountRegistrationTest - *** Start TC_001_AccountRegistrationTest *** 
14:08:33.317 [main] INFO  testCases.TC_001_AccountRegistrationTest - clicked on register link
14:08:33.330 [main] INFO  testCases.TC_001_AccountRegistrationTest - send customer data
14:08:39.078 [main] INFO  testCases.TC_001_AccountRegistrationTest - clicked on continue button
14:08:42.109 [main] INFO  testCases.TC_001_AccountRegistrationTest - validate success message
14:12:36.959 [main] INFO  testCases.TC_001_AccountRegistrationTest - *** Start TC_001_AccountRegistrationTest *** 
14:12:41.399 [main] INFO  testCases.TC_001_AccountRegistrationTest - clicked on register link
14:12:41.405 [main] INFO  testCases.TC_001_AccountRegistrationTest - send customer data
14:12:48.926 [main] INFO  testCases.TC_001_AccountRegistrationTest - clicked on continue button
14:13:00.536 [main] INFO  testCases.TC_001_AccountRegistrationTest - validate success message
14:13:00.910 [main] INFO  testCases.TC_001_AccountRegistrationTest - *** End TC_001_AccountRegistrationTest *** 
15:07:59.256 [main] INFO  testCases.TC_002_LoginTest - *** Start TC_002_LoginTest ***
15:13:16.267 [main] INFO  testCases.TC_002_LoginTest - *** Start TC_002_LoginTest ***
15:22:37.492 [main] INFO  testCases.TC_002_LoginTest - *** Start TC_002_LoginTest ***
15:29:11.432 [main] INFO  testCases.TC_002_LoginTest - *** Start TC_002_LoginTest ***
15:29:48.509 [main] INFO  testCases.TC_002_LoginTest - *** End Of TC_002_LoginTest
15:31:19.572 [main] INFO  testCases.TC_002_LoginTest - *** Start TC_002_LoginTest ***
15:31:52.569 [main] INFO  testCases.TC_002_LoginTest - *** End Of TC_002_LoginTest
15:35:18.698 [main] INFO  testCases.TC_002_LoginTest - *** Start TC_002_LoginTest ***
15:35:51.236 [main] INFO  testCases.TC_002_LoginTest - *** End Of TC_002_LoginTest
21:40:49.487 [main] INFO  testCases.TC_003_TestLoginDDT - *** Start TC_003_TestLoginDDT ***
21:41:21.320 [main] INFO  testCases.TC_003_TestLoginDDT - *** Start TC_003_TestLoginDDT ***
21:41:46.693 [main] INFO  testCases.TC_003_TestLoginDDT - *** Start TC_003_TestLoginDDT ***
21:42:09.613 [main] INFO  testCases.TC_003_TestLoginDDT - *** Start TC_003_TestLoginDDT ***
21:42:29.525 [main] INFO  testCases.TC_003_TestLoginDDT - *** Start TC_003_TestLoginDDT ***
21:43:05.270 [main] INFO  testCases.TC_003_TestLoginDDT - *** End Of TC_003_TestLoginDDT ***
11:02:09.394 [main] INFO  testCases.TC_001_AccountRegistrationTest - *** Start TC_001_AccountRegistrationTest *** 
11:02:12.834 [main] INFO  testCases.TC_001_AccountRegistrationTest - clicked on register link
11:02:12.905 [main] INFO  testCases.TC_001_AccountRegistrationTest - send customer data
11:02:19.276 [main] INFO  testCases.TC_001_AccountRegistrationTest - clicked on register button
11:02:27.508 [main] INFO  testCases.TC_001_AccountRegistrationTest - validate success message
11:02:27.723 [main] INFO  testCases.TC_001_AccountRegistrationTest - click on continue
11:02:37.779 [main] ERROR testCases.TC_001_AccountRegistrationTest - execution failed
11:02:50.429 [main] INFO  testCases.TC_002_LoginTest - *** Start TC_002_LoginTest ***
11:03:24.903 [main] INFO  testCases.TC_002_LoginTest - *** End Of TC_002_LoginTest
11:09:30.628 [main] INFO  testCases.TC_001_AccountRegistrationTest - *** Start TC_001_AccountRegistrationTest *** 
11:09:32.599 [main] INFO  testCases.TC_001_AccountRegistrationTest - clicked on register link
11:09:32.615 [main] INFO  testCases.TC_001_AccountRegistrationTest - send customer data
11:09:39.381 [main] INFO  testCases.TC_001_AccountRegistrationTest - clicked on register button
11:09:49.632 [main] INFO  testCases.TC_001_AccountRegistrationTest - validate success message
11:09:49.725 [main] INFO  testCases.TC_001_AccountRegistrationTest - click on continue
11:09:50.983 [main] INFO  testCases.TC_001_AccountRegistrationTest - *** End TC_001_AccountRegistrationTest *** 
11:10:07.300 [main] INFO  testCases.TC_002_LoginTest - *** Start TC_002_LoginTest ***
11:10:40.790 [main] INFO  testCases.TC_002_LoginTest - *** End Of TC_002_LoginTest
11:12:00.201 [main] INFO  testCases.TC_002_LoginTest - *** Start TC_002_LoginTest ***
11:12:41.372 [main] INFO  testCases.TC_002_LoginTest - *** End Of TC_002_LoginTest
12:21:47.278 [main] INFO  testCases.TC_001_AccountRegistrationTest - *** Start TC_001_AccountRegistrationTest *** 
12:21:48.654 [main] INFO  testCases.TC_001_AccountRegistrationTest - clicked on register link
12:21:48.679 [main] INFO  testCases.TC_001_AccountRegistrationTest - send customer data
12:21:54.715 [main] INFO  testCases.TC_001_AccountRegistrationTest - clicked on register button
12:21:54.822 [main] INFO  testCases.TC_001_AccountRegistrationTest - validate success message
12:23:13.585 [main] INFO  testCases.TC_001_AccountRegistrationTest - *** Start TC_001_AccountRegistrationTest *** 
12:23:18.701 [main] INFO  testCases.TC_001_AccountRegistrationTest - clicked on register link
12:23:18.802 [main] INFO  testCases.TC_001_AccountRegistrationTest - send customer data
12:23:26.194 [main] INFO  testCases.TC_001_AccountRegistrationTest - clicked on register button
12:23:26.295 [main] INFO  testCases.TC_001_AccountRegistrationTest - validate success message
12:24:33.985 [main] INFO  testCases.TC_001_AccountRegistrationTest - *** Start TC_001_AccountRegistrationTest *** 
12:24:39.332 [main] INFO  testCases.TC_001_AccountRegistrationTest - clicked on register link
12:24:39.378 [main] INFO  testCases.TC_001_AccountRegistrationTest - send customer data
12:24:45.912 [main] INFO  testCases.TC_001_AccountRegistrationTest - clicked on register button
12:24:54.924 [main] INFO  testCases.TC_001_AccountRegistrationTest - validate success message
12:24:55.108 [main] INFO  testCases.TC_001_AccountRegistrationTest - click on continue
12:24:57.404 [main] INFO  testCases.TC_001_AccountRegistrationTest - *** End TC_001_AccountRegistrationTest *** 
12:25:48.204 [main] INFO  testCases.TC_001_AccountRegistrationTest - *** Start TC_001_AccountRegistrationTest *** 
12:25:50.290 [main] INFO  testCases.TC_001_AccountRegistrationTest - clicked on register link
12:25:50.363 [main] INFO  testCases.TC_001_AccountRegistrationTest - send customer data
12:25:56.422 [main] INFO  testCases.TC_001_AccountRegistrationTest - clicked on register button
12:25:56.484 [main] INFO  testCases.TC_001_AccountRegistrationTest - validate success message
12:28:47.632 [main] INFO  testCases.TC_002_LoginTest - *** Start TC_002_LoginTest ***
12:30:22.040 [main] INFO  testCases.TC_002_LoginTest - *** Start TC_002_LoginTest ***
12:30:55.288 [main] INFO  testCases.TC_002_LoginTest - *** End Of TC_002_LoginTest
13:42:52.744 [main] INFO  testCases.TC_001_AccountRegistrationTest - *** Start TC_001_AccountRegistrationTest *** 
13:42:59.905 [main] INFO  testCases.TC_001_AccountRegistrationTest - clicked on register link
13:42:59.921 [main] INFO  testCases.TC_001_AccountRegistrationTest - send customer data
13:43:06.594 [main] INFO  testCases.TC_001_AccountRegistrationTest - clicked on register button
13:43:17.458 [main] INFO  testCases.TC_001_AccountRegistrationTest - validate success message
13:43:17.596 [main] INFO  testCases.TC_001_AccountRegistrationTest - click on continue
13:43:20.049 [main] INFO  testCases.TC_001_AccountRegistrationTest - *** End TC_001_AccountRegistrationTest *** 
14:05:19.025 [main] INFO  testCases.TC_001_AccountRegistrationTest - *** Start TC_001_AccountRegistrationTest *** 
14:05:20.546 [main] INFO  testCases.TC_001_AccountRegistrationTest - clicked on register link
14:05:20.578 [main] INFO  testCases.TC_001_AccountRegistrationTest - send customer data
14:05:27.138 [main] INFO  testCases.TC_001_AccountRegistrationTest - clicked on register button
14:05:30.050 [main] INFO  testCases.TC_001_AccountRegistrationTest - validate success message
14:19:18.522 [main] INFO  testCases.TC_001_AccountRegistrationTest - *** Start TC_001_AccountRegistrationTest *** 
14:19:23.750 [main] INFO  testCases.TC_001_AccountRegistrationTest - clicked on register link
14:19:23.777 [main] INFO  testCases.TC_001_AccountRegistrationTest - send customer data
14:19:34.632 [main] INFO  testCases.TC_001_AccountRegistrationTest - clicked on register button
14:19:34.708 [main] INFO  testCases.TC_001_AccountRegistrationTest - validate success message
14:20:53.167 [main] INFO  testCases.TC_001_AccountRegistrationTest - *** Start TC_001_AccountRegistrationTest *** 
14:20:54.895 [main] INFO  testCases.TC_001_AccountRegistrationTest - clicked on register link
14:20:54.912 [main] INFO  testCases.TC_001_AccountRegistrationTest - send customer data
14:21:01.097 [main] INFO  testCases.TC_001_AccountRegistrationTest - clicked on register button
14:21:12.185 [main] INFO  testCases.TC_001_AccountRegistrationTest - validate success message
14:21:12.365 [main] INFO  testCases.TC_001_AccountRegistrationTest - click on continue
14:21:15.249 [main] INFO  testCases.TC_001_AccountRegistrationTest - *** End TC_001_AccountRegistrationTest *** 
14:22:19.194 [main] INFO  testCases.TC_001_AccountRegistrationTest - *** Start TC_001_AccountRegistrationTest *** 
14:22:23.173 [main] INFO  testCases.TC_001_AccountRegistrationTest - clicked on register link
14:22:23.236 [main] INFO  testCases.TC_001_AccountRegistrationTest - send customer data
14:22:31.167 [main] INFO  testCases.TC_001_AccountRegistrationTest - clicked on register button
14:22:42.112 [main] INFO  testCases.TC_001_AccountRegistrationTest - validate success message
14:22:42.436 [main] INFO  testCases.TC_001_AccountRegistrationTest - click on continue
14:22:46.224 [main] INFO  testCases.TC_001_AccountRegistrationTest - *** End TC_001_AccountRegistrationTest *** 
14:31:35.859 [main] INFO  testCases.TC_001_AccountRegistrationTest - *** Start TC_001_AccountRegistrationTest *** 
14:31:38.304 [main] INFO  testCases.TC_001_AccountRegistrationTest - clicked on register link
14:31:38.321 [main] INFO  testCases.TC_001_AccountRegistrationTest - send customer data
14:31:44.887 [main] INFO  testCases.TC_001_AccountRegistrationTest - clicked on register button
14:31:49.474 [main] INFO  testCases.TC_001_AccountRegistrationTest - validate success message
13:50:13.176 [main] INFO  testCases.TC_001_AccountRegistrationTest - *** Start TC_001_AccountRegistrationTest *** 
13:50:15.350 [main] INFO  testCases.TC_001_AccountRegistrationTest - clicked on register link
13:50:15.371 [main] INFO  testCases.TC_001_AccountRegistrationTest - send customer data
13:50:22.264 [main] INFO  testCases.TC_001_AccountRegistrationTest - clicked on register button
13:50:22.459 [main] INFO  testCases.TC_001_AccountRegistrationTest - validate success message
